0 info it worked if it ends with ok
1 verbose cli [ '/usr/local/bin/node', '/usr/local/bin/npm', 'run', 'build' ]
2 info using npm@2.15.1
3 info using node@v4.4.4
4 verbose run-script [ 'prebuild', 'build', 'postbuild' ]
5 info prebuild yogajs@0.0.0
6 info build yogajs@0.0.0
7 verbose unsafe-perm in lifecycle true
8 info yogajs@0.0.0 Failed to exec build script
9 verbose stack Error: yogajs@0.0.0 build: `node_modules¥.bin¥browserify src/index.js -o app/bundle.js -t babelify`
9 verbose stack spawn ENOENT
9 verbose stack     at ChildProcess.<anonymous> (/usr/local/lib/node_modules/npm/lib/utils/spawn.js:17:16)
9 verbose stack     at emitTwo (events.js:87:13)
9 verbose stack     at ChildProcess.emit (events.js:172:7)
9 verbose stack     at maybeClose (internal/child_process.js:827:16)
9 verbose stack     at Process.ChildProcess._handle.onexit (internal/child_process.js:211:5)
10 verbose pkgid yogajs@0.0.0
11 verbose cwd /Users/uetsujitomoya/yogajs
12 error Darwin 15.4.0
13 error argv "/usr/local/bin/node" "/usr/local/bin/npm" "run" "build"
14 error node v4.4.4
15 error npm  v2.15.1
16 error file sh
17 error code ELIFECYCLE
18 error errno ENOENT
19 error syscall spawn
20 error yogajs@0.0.0 build: `node_modules¥.bin¥browserify src/index.js -o app/bundle.js -t babelify`
20 error spawn ENOENT
21 error Failed at the yogajs@0.0.0 build script 'node_modules¥.bin¥browserify src/index.js -o app/bundle.js -t babelify'.
21 error This is most likely a problem with the yogajs package,
21 error not with npm itself.
21 error Tell the author that this fails on your system:
21 error     node_modules¥.bin¥browserify src/index.js -o app/bundle.js -t babelify
21 error You can get information on how to open an issue for this project with:
21 error     npm bugs yogajs
21 error Or if that isn't available, you can get their info via:
21 error
21 error     npm owner ls yogajs
21 error There is likely additional logging output above.
22 verbose exit [ 1, true ]
